0  swift                    llvm::sys::PrintStackTrace(__sFILE*) + 40
1  swift                    SignalHandler(int) + 452
2  libsystem_platform.dylib _sigtramp + 26
3  swift                    profileArchetypeConstraints(swift::Type, llvm::FoldingSetNodeID&, llvm::DenseMap<swift::ArchetypeType*, unsigned int, llvm::DenseMapInfo<swift::ArchetypeType*> >&, unsigned int) + 413
4  swift                    llvm::StoreInst::StoreInst(llvm::Value*, llvm::Value*, bool, llvm::Instruction*) + 55
5  swift                    swift::irgen::IRBuilder::CreateStore(llvm::Value*, llvm::Value*, swift::irgen::Alignment) + 66
6  swift                    emitNominalMetadataRef(swift::irgen::IRGenFunction&, swift::NominalTypeDecl*, swift::CanType) + 1933
7  swift                    emitDirectTypeMetadataRef(swift::irgen::IRGenFunction&, swift::CanType) + 122
8  swift                    swift::irgen::IRGenFunction::emitTypeMetadataRef(swift::CanType) + 280
9  swift                    swift::irgen::WitnessSizedTypeInfo<(anonymous namespace)::NonFixedStructTypeInfo>::getAlignmentMask(swift::irgen::IRGenFunction&, swift::CanType) const + 20
10 swift                    swift::irgen::HeapArrayInfo::getLayout(swift::irgen::IRGenFunction&) const + 226
11 swift                    swift::irgen::HeapArrayInfo::getPrivateMetadata(swift::irgen::IRGenModule&) const + 504
12 swift                    swift::irgen::HeapArrayInfo::emitUnmanagedAlloc(swift::irgen::IRGenFunction&, llvm::Value*, swift::irgen::Address&, llvm::Twine const&) const + 73
13 swift                    swift::SILVisitor<(anonymous namespace)::IRGenSILFunction, void>::visit(swift::ValueBase*) + 12156
14 swift                    swift::irgen::IRGenModule::emitSILFunction(swift::SILFunction*) + 9195
15 swift                    swift::irgen::IRGenModule::emitGlobalTopLevel() + 196
16 swift                    performIRGeneration(swift::IRGenOptions&, swift::Module*, swift::SILModule*, llvm::StringRef, llvm::LLVMContext&, swift::SourceFile*, unsigned int) + 1900
17 swift                    swift::performIRGeneration(swift::IRGenOptions&, swift::SourceFile&, swift::SILModule*, llvm::StringRef, llvm::LLVMContext&, unsigned int) + 51
18 swift                    frontend_main(llvm::ArrayRef<char const*>, char const*, void*) + 5282
19 swift                    main + 1677
20 libdyld.dylib            start + 1
