0  swift                    llvm::sys::PrintStackTrace(__sFILE*) + 40
1  swift                    SignalHandler(int) + 452
2  libsystem_platform.dylib _sigtramp + 26
3  libsystem_platform.dylib _sigtramp + [N]
4  swift                    std::__1::__function::__func<swift::constraints::Solution::computeSubstitutions(swift::Type, swift::DeclContext*, swift::Type, llvm::SmallVectorImpl<swift::Substitution>&) const::$_0, std::__1::allocator<swift::constraints::Solution::computeSubstitutions(swift::Type, swift::DeclContext*, swift::Type, llvm::SmallVectorImpl<swift::Substitution>&) const::$_0>, swift::Type (swift::Type)>::operator()(swift::Type&&) + 381
5  swift                    swift::Type::transform(std::__1::function<swift::Type (swift::Type)> const&) const + 55
6  swift                    swift::Type::transform(std::__1::function<swift::Type (swift::Type)> const&) const + 3642
7  swift                    swift::Type::transform(std::__1::function<swift::Type (swift::Type)> const&) const + 938
8  swift                    swift::Type::transform(std::__1::function<swift::Type (swift::Type)> const&) const + 668
9  swift                    swift::constraints::Solution::computeSubstitutions(swift::Type, swift::DeclContext*, swift::Type, llvm::SmallVectorImpl<swift::Substitution>&) const + 126
10 swift                    (anonymous namespace)::ExprRewriter::buildMemberRef(swift::Expr*, swift::Type, swift::SourceLoc, swift::ValueDecl*, swift::SourceLoc, swift::Type, swift::constraints::ConstraintLocatorBuilder, bool, bool) + 504
11 swift                    swift::TypeChecker::callWitness(swift::Expr*, swift::DeclContext*, swift::ProtocolDecl*, swift::ProtocolConformance*, swift::Identifier, llvm::MutableArrayRef<swift::Expr*>, swift::Diag<>) + 1279
12 swift                    swift::ASTVisitor<(anonymous namespace)::StmtChecker, void, swift::Stmt*, void, void, void, void>::visit(swift::Stmt*) + 5534
13 swift                    swift::ASTVisitor<(anonymous namespace)::StmtChecker, void, swift::Stmt*, void, void, void, void>::visit(swift::Stmt*) + 353
14 swift                    swift::TypeChecker::typeCheckFunctionBodyUntil(swift::FuncDecl*, swift::SourceLoc) + 371
15 swift                    swift::TypeChecker::typeCheckAbstractFunctionBody(swift::AbstractFunctionDecl*) + 95
16 swift                    typeCheckFunctionsAndExternalDecls(swift::TypeChecker&) + 421
17 swift                    swift::performTypeChecking(swift::SourceFile&, swift::TopLevelContext&, unsigned int) + 1734
18 swift                    swift::CompilerInstance::performSema() + 2060
19 swift                    frontend_main(llvm::ArrayRef<char const*>, char const*, void*) + 2008
20 swift                    main + 1677
21 libdyld.dylib            start + 1
