0  swift                    llvm::sys::PrintStackTrace(__sFILE*) + 40
1  swift                    SignalHandler(int) + 452
2  libsystem_platform.dylib _sigtramp + 26
3  libsystem_platform.dylib _sigtramp + [N]
4  swift                    (anonymous namespace)::LowerType::visitAnyStructType(swift::CanType, swift::StructDecl*) + 244
5  swift                    swift::Lowering::TypeLowering const* swift::CanTypeVisitor<(anonymous namespace)::LowerType, swift::Lowering::TypeLowering const*>::visit<>(swift::CanType) + 125
6  swift                    swift::Lowering::TypeConverter::getTypeLoweringForUncachedLoweredType(swift::Lowering::TypeConverter::TypeKey) + 263
7  swift                    swift::Lowering::TypeConverter::getTypeLowering(swift::Lowering::AbstractionPattern, swift::Type, unsigned int) + 1999
8  swift                    LoweredTypeKind swift::CanTypeVisitor<(anonymous namespace)::TypeClassifier, LoweredTypeKind>::visit<>(swift::CanType) + 96
9  swift                    (anonymous namespace)::LowerType::visitAnyEnumType(swift::CanType, swift::EnumDecl*) + 395
10 swift                    swift::Lowering::TypeLowering const* swift::CanTypeVisitor<(anonymous namespace)::LowerType, swift::Lowering::TypeLowering const*>::visit<>(swift::CanType) + 832
11 swift                    swift::Lowering::TypeConverter::getTypeLoweringForUncachedLoweredType(swift::Lowering::TypeConverter::TypeKey) + 263
12 swift                    swift::Lowering::TypeConverter::getTypeLowering(swift::Lowering::AbstractionPattern, swift::Type, unsigned int) + 1999
13 swift                    getSILFunctionType(swift::SILModule&, swift::CanType, swift::CanTypeWrapper<swift::AnyFunctionType>, swift::CanTypeWrapper<swift::AnyFunctionType>, swift::AnyFunctionType::ExtInfo, (anonymous namespace)::Conventions const&) + 265
14 swift                    getUncachedSILFunctionTypeForConstant(swift::SILModule&, swift::SILDeclRef, swift::CanTypeWrapper<swift::AnyFunctionType>, swift::CanTypeWrapper<swift::AnyFunctionType>, swift::CanTypeWrapper<swift::AnyFunctionType>, swift::CanTypeWrapper<swift::AnyFunctionType>, swift::AnyFunctionType::Representation) + 776
15 swift                    swift::Lowering::TypeConverter::getConstantInfo(swift::SILDeclRef) + 691
16 swift                    swift::Lowering::SILGenModule::getFunction(swift::SILDeclRef, swift::ForDefinition_t) + 195
17 swift                    swift::SILFunction* swift::Lowering::SILGenModule::preEmitFunction<swift::FuncDecl>(swift::SILDeclRef, swift::FuncDecl*, swift::SILLocation) + 91
18 swift                    swift::Lowering::SILGenModule::emitFunction(swift::FuncDecl*) + 195
19 swift                    swift::Lowering::SILGenModule::emitSourceFile(swift::SourceFile*, unsigned int) + 395
20 swift                    swift::SILModule::constructSIL(swift::Module*, swift::SourceFile*, swift::Optional<unsigned int>) + 314
21 swift                    swift::performSILGeneration(swift::SourceFile&, swift::Optional<unsigned int>) + 72
22 swift                    frontend_main(llvm::ArrayRef<char const*>, char const*, void*) + 3450
23 swift                    main + 1677
24 libdyld.dylib            start + 1
