0  swift                    llvm::sys::PrintStackTrace(__sFILE*) + 40
1  swift                    SignalHandler(int) + 452
2  libsystem_platform.dylib _sigtramp + 26
4  swift                    swift::Type::walk(swift::TypeWalker&) const + 54
5  swift                    swift::ArchetypeBuilder::inferRequirements(swift::TypeLoc) + 52
6  swift                    checkGenericParameters(swift::TypeChecker&, swift::ArchetypeBuilder*, swift::GenericParamList*, swift::DeclContext*, swift::GenericTypeResolver&) + 304
7  swift                    swift::TypeChecker::validateGenericSignature(swift::GenericParamList*, swift::DeclContext*, std::__1::function<bool (swift::ArchetypeBuilder&)>, bool&) + 97
8  swift                    swift::TypeChecker::validateGenericTypeSignature(swift::NominalTypeDecl*) + 48
9  swift                    swift::TypeChecker::validateDecl(swift::ValueDecl*, bool) + 188
10 swift                    swift::DeclContext::lookupQualified(swift::Type, swift::DeclName, unsigned int, swift::LazyResolver*, llvm::SmallVectorImpl<swift::ValueDecl*>&) const + 3200
11 swift                    swift::UnqualifiedLookup::UnqualifiedLookup(swift::DeclName, swift::DeclContext*, swift::LazyResolver*, swift::SourceLoc, bool) + 1916
12 swift                    resolveIdentTypeComponent(swift::TypeChecker&, swift::DeclContext*, llvm::ArrayRef<swift::ComponentIdentTypeRepr*>, swift::OptionSet<swift::TypeResolutionFlags, unsigned int>, bool, swift::GenericTypeResolver*) + 549
13 swift                    swift::TypeChecker::resolveIdentifierType(swift::DeclContext*, swift::IdentTypeRepr*, swift::OptionSet<swift::TypeResolutionFlags, unsigned int>, bool, swift::GenericTypeResolver*, swift::ValueDecl*) + 116
14 swift                    (anonymous namespace)::TypeResolver::resolveType(swift::TypeRepr*, swift::OptionSet<swift::TypeResolutionFlags, unsigned int>) + 241
15 swift                    swift::TypeChecker::validateType(swift::TypeLoc&, swift::DeclContext*, swift::OptionSet<swift::TypeResolutionFlags, unsigned int>, swift::GenericTypeResolver*, swift::ValueDecl*) + 221
16 swift                    swift::TypeChecker::checkInheritanceClause(swift::Decl*, swift::DeclContext*, swift::GenericTypeResolver*) + 2907
17 swift                    swift::TypeChecker::validateDecl(swift::ValueDecl*, bool) + 323
18 swift                    swift::DeclContext::lookupQualified(swift::Type, swift::DeclName, unsigned int, swift::LazyResolver*, llvm::SmallVectorImpl<swift::ValueDecl*>&) const + 3200
19 swift                    swift::UnqualifiedLookup::UnqualifiedLookup(swift::DeclName, swift::DeclContext*, swift::LazyResolver*, swift::SourceLoc, bool) + 1916
20 swift                    resolveIdentTypeComponent(swift::TypeChecker&, swift::DeclContext*, llvm::ArrayRef<swift::ComponentIdentTypeRepr*>, swift::OptionSet<swift::TypeResolutionFlags, unsigned int>, bool, swift::GenericTypeResolver*) + 549
21 swift                    swift::TypeChecker::resolveIdentifierType(swift::DeclContext*, swift::IdentTypeRepr*, swift::OptionSet<swift::TypeResolutionFlags, unsigned int>, bool, swift::GenericTypeResolver*, swift::ValueDecl*) + 116
22 swift                    (anonymous namespace)::TypeResolver::resolveType(swift::TypeRepr*, swift::OptionSet<swift::TypeResolutionFlags, unsigned int>) + 241
23 swift                    swift::TypeChecker::validateType(swift::TypeLoc&, swift::DeclContext*, swift::OptionSet<swift::TypeResolutionFlags, unsigned int>, swift::GenericTypeResolver*, swift::ValueDecl*) + 221
24 swift                    swift::TypeChecker::checkInheritanceClause(swift::Decl*, swift::DeclContext*, swift::GenericTypeResolver*) + 2907
25 swift                    checkGenericParameters(swift::TypeChecker&, swift::ArchetypeBuilder*, swift::GenericParamList*, swift::DeclContext*, swift::GenericTypeResolver&) + 212
26 swift                    swift::TypeChecker::validateGenericSignature(swift::GenericParamList*, swift::DeclContext*, std::__1::function<bool (swift::ArchetypeBuilder&)>, bool&) + 97
27 swift                    swift::TypeChecker::validateGenericTypeSignature(swift::NominalTypeDecl*) + 48
28 swift                    swift::TypeChecker::validateDecl(swift::ValueDecl*, bool) + 188
29 swift                    swift::DeclContext::lookupQualified(swift::Type, swift::DeclName, unsigned int, swift::LazyResolver*, llvm::SmallVectorImpl<swift::ValueDecl*>&) const + 3200
30 swift                    swift::UnqualifiedLookup::UnqualifiedLookup(swift::DeclName, swift::DeclContext*, swift::LazyResolver*, swift::SourceLoc, bool) + 1916
31 swift                    (anonymous namespace)::PreCheckExpression::walkToExprPre(swift::Expr*) + 113
32 swift                    swift::Expr::walk(swift::ASTWalker&) + 26
33 swift                    swift::TypeChecker::typeCheckExpression(swift::Expr*&, swift::DeclContext*, swift::Type, swift::Type, bool, swift::FreeTypeVariableBinding, swift::ExprTypeCheckListener*) + 160
34 swift                    swift::TypeChecker::typeCheckBinding(swift::PatternBindingDecl*) + 162
35 swift                    validatePatternBindingDecl(swift::TypeChecker&, swift::PatternBindingDecl*) + 562
36 swift                    swift::TypeChecker::validateDecl(swift::ValueDecl*, bool) + 587
37 swift                    swift::DeclContext::lookupQualified(swift::Type, swift::DeclName, unsigned int, swift::LazyResolver*, llvm::SmallVectorImpl<swift::ValueDecl*>&) const + 3200
38 swift                    swift::UnqualifiedLookup::UnqualifiedLookup(swift::DeclName, swift::DeclContext*, swift::LazyResolver*, swift::SourceLoc, bool) + 1916
39 swift                    resolveIdentTypeComponent(swift::TypeChecker&, swift::DeclContext*, llvm::ArrayRef<swift::ComponentIdentTypeRepr*>, swift::OptionSet<swift::TypeResolutionFlags, unsigned int>, bool, swift::GenericTypeResolver*) + 549
40 swift                    swift::TypeChecker::resolveIdentifierType(swift::DeclContext*, swift::IdentTypeRepr*, swift::OptionSet<swift::TypeResolutionFlags, unsigned int>, bool, swift::GenericTypeResolver*, swift::ValueDecl*) + 116
41 swift                    (anonymous namespace)::TypeResolver::resolveType(swift::TypeRepr*, swift::OptionSet<swift::TypeResolutionFlags, unsigned int>) + 241
42 swift                    (anonymous namespace)::TypeResolver::resolveType(swift::TypeRepr*, swift::OptionSet<swift::TypeResolutionFlags, unsigned int>) + 325
43 swift                    swift::TypeChecker::validateType(swift::TypeLoc&, swift::DeclContext*, swift::OptionSet<swift::TypeResolutionFlags, unsigned int>, swift::GenericTypeResolver*, swift::ValueDecl*) + 221
44 swift                    checkGenericFuncSignature(swift::TypeChecker&, swift::ArchetypeBuilder*, swift::AbstractFunctionDecl*, swift::GenericTypeResolver&) + 365
45 swift                    swift::TypeChecker::validateGenericFuncSignature(swift::AbstractFunctionDecl*) + 86
46 swift                    swift::ASTVisitor<(anonymous namespace)::DeclChecker, void, void, void, void, void, void>::visit(swift::Decl*) + 18959
47 swift                    swift::TypeChecker::validateDecl(swift::ValueDecl*, bool) + 1219
48 swift                    swift::DeclContext::lookupQualified(swift::Type, swift::DeclName, unsigned int, swift::LazyResolver*, llvm::SmallVectorImpl<swift::ValueDecl*>&) const + 3200
49 swift                    swift::UnqualifiedLookup::UnqualifiedLookup(swift::DeclName, swift::DeclContext*, swift::LazyResolver*, swift::SourceLoc, bool) + 1916
50 swift                    resolveIdentTypeComponent(swift::TypeChecker&, swift::DeclContext*, llvm::ArrayRef<swift::ComponentIdentTypeRepr*>, swift::OptionSet<swift::TypeResolutionFlags, unsigned int>, bool, swift::GenericTypeResolver*) + 549
51 swift                    swift::TypeChecker::resolveIdentifierType(swift::DeclContext*, swift::IdentTypeRepr*, swift::OptionSet<swift::TypeResolutionFlags, unsigned int>, bool, swift::GenericTypeResolver*, swift::ValueDecl*) + 116
52 swift                    (anonymous namespace)::TypeResolver::resolveType(swift::TypeRepr*, swift::OptionSet<swift::TypeResolutionFlags, unsigned int>) + 241
53 swift                    swift::TypeChecker::validateType(swift::TypeLoc&, swift::DeclContext*, swift::OptionSet<swift::TypeResolutionFlags, unsigned int>, swift::GenericTypeResolver*, swift::ValueDecl*) + 221
54 swift                    swift::TypeChecker::checkInheritanceClause(swift::Decl*, swift::DeclContext*, swift::GenericTypeResolver*) + 2907
55 swift                    std::__1::__function::__func<swift::TypeChecker::createArchetypeBuilder(swift::Module*)::$_0, std::__1::allocator<swift::TypeChecker::createArchetypeBuilder(swift::Module*)::$_0>, llvm::ArrayRef<swift::ProtocolDecl*> (swift::ProtocolDecl*)>::operator()(swift::ProtocolDecl*&&) + 25
56 swift                    swift::ArchetypeBuilder::addConformanceRequirement(swift::ArchetypeBuilder::PotentialArchetype*, swift::ProtocolDecl*) + 205
57 swift                    swift::ArchetypeBuilder::addGenericParameter(swift::GenericTypeParamDecl*, swift::Optional<unsigned int>) + 222
58 swift                    checkGenericParameters(swift::TypeChecker&, swift::ArchetypeBuilder*, swift::GenericParamList*, swift::DeclContext*, swift::GenericTypeResolver&) + 238
59 swift                    swift::TypeChecker::validateGenericSignature(swift::GenericParamList*, swift::DeclContext*, std::__1::function<bool (swift::ArchetypeBuilder&)>, bool&) + 97
60 swift                    swift::TypeChecker::validateGenericTypeSignature(swift::NominalTypeDecl*) + 48
61 swift                    swift::TypeChecker::validateDecl(swift::ValueDecl*, bool) + 958
62 swift                    swift::DeclContext::lookupQualified(swift::Type, swift::DeclName, unsigned int, swift::LazyResolver*, llvm::SmallVectorImpl<swift::ValueDecl*>&) const + 3200
63 swift                    swift::UnqualifiedLookup::UnqualifiedLookup(swift::DeclName, swift::DeclContext*, swift::LazyResolver*, swift::SourceLoc, bool) + 1916
64 swift                    resolveIdentTypeComponent(swift::TypeChecker&, swift::DeclContext*, llvm::ArrayRef<swift::ComponentIdentTypeRepr*>, swift::OptionSet<swift::TypeResolutionFlags, unsigned int>, bool, swift::GenericTypeResolver*) + 549
65 swift                    swift::TypeChecker::resolveIdentifierType(swift::DeclContext*, swift::IdentTypeRepr*, swift::OptionSet<swift::TypeResolutionFlags, unsigned int>, bool, swift::GenericTypeResolver*, swift::ValueDecl*) + 116
66 swift                    (anonymous namespace)::TypeResolver::resolveType(swift::TypeRepr*, swift::OptionSet<swift::TypeResolutionFlags, unsigned int>) + 241
67 swift                    (anonymous namespace)::TypeResolver::resolveType(swift::TypeRepr*, swift::OptionSet<swift::TypeResolutionFlags, unsigned int>) + 325
68 swift                    swift::TypeChecker::validateType(swift::TypeLoc&, swift::DeclContext*, swift::OptionSet<swift::TypeResolutionFlags, unsigned int>, swift::GenericTypeResolver*, swift::ValueDecl*) + 221
69 swift                    checkGenericFuncSignature(swift::TypeChecker&, swift::ArchetypeBuilder*, swift::AbstractFunctionDecl*, swift::GenericTypeResolver&) + 365
70 swift                    swift::TypeChecker::validateGenericFuncSignature(swift::AbstractFunctionDecl*) + 86
71 swift                    swift::ASTVisitor<(anonymous namespace)::DeclChecker, void, void, void, void, void, void>::visit(swift::Decl*) + 18959
72 swift                    swift::TypeChecker::validateDecl(swift::ValueDecl*, bool) + 1219
73 swift                    swift::DeclContext::lookupQualified(swift::Type, swift::DeclName, unsigned int, swift::LazyResolver*, llvm::SmallVectorImpl<swift::ValueDecl*>&) const + 3200
74 swift                    swift::UnqualifiedLookup::UnqualifiedLookup(swift::DeclName, swift::DeclContext*, swift::LazyResolver*, swift::SourceLoc, bool) + 1916
75 swift                    resolveIdentTypeComponent(swift::TypeChecker&, swift::DeclContext*, llvm::ArrayRef<swift::ComponentIdentTypeRepr*>, swift::OptionSet<swift::TypeResolutionFlags, unsigned int>, bool, swift::GenericTypeResolver*) + 549
76 swift                    swift::TypeChecker::resolveIdentifierType(swift::DeclContext*, swift::IdentTypeRepr*, swift::OptionSet<swift::TypeResolutionFlags, unsigned int>, bool, swift::GenericTypeResolver*, swift::ValueDecl*) + 116
77 swift                    (anonymous namespace)::TypeResolver::resolveType(swift::TypeRepr*, swift::OptionSet<swift::TypeResolutionFlags, unsigned int>) + 241
78 swift                    swift::TypeChecker::validateType(swift::TypeLoc&, swift::DeclContext*, swift::OptionSet<swift::TypeResolutionFlags, unsigned int>, swift::GenericTypeResolver*, swift::ValueDecl*) + 221
79 swift                    swift::TypeChecker::checkInheritanceClause(swift::Decl*, swift::DeclContext*, swift::GenericTypeResolver*) + 2907
80 swift                    std::__1::__function::__func<swift::TypeChecker::createArchetypeBuilder(swift::Module*)::$_0, std::__1::allocator<swift::TypeChecker::createArchetypeBuilder(swift::Module*)::$_0>, llvm::ArrayRef<swift::ProtocolDecl*> (swift::ProtocolDecl*)>::operator()(swift::ProtocolDecl*&&) + 25
81 swift                    swift::ArchetypeBuilder::addConformanceRequirement(swift::ArchetypeBuilder::PotentialArchetype*, swift::ProtocolDecl*) + 205
82 swift                    swift::ArchetypeBuilder::addGenericParameter(swift::GenericTypeParamDecl*, swift::Optional<unsigned int>) + 222
83 swift                    checkGenericParameters(swift::TypeChecker&, swift::ArchetypeBuilder*, swift::GenericParamList*, swift::DeclContext*, swift::GenericTypeResolver&) + 238
84 swift                    swift::TypeChecker::validateGenericSignature(swift::GenericParamList*, swift::DeclContext*, std::__1::function<bool (swift::ArchetypeBuilder&)>, bool&) + 97
85 swift                    swift::TypeChecker::validateGenericTypeSignature(swift::NominalTypeDecl*) + 48
86 swift                    swift::TypeChecker::validateDecl(swift::ValueDecl*, bool) + 958
87 swift                    swift::DeclContext::lookupQualified(swift::Type, swift::DeclName, unsigned int, swift::LazyResolver*, llvm::SmallVectorImpl<swift::ValueDecl*>&) const + 3200
88 swift                    swift::UnqualifiedLookup::UnqualifiedLookup(swift::DeclName, swift::DeclContext*, swift::LazyResolver*, swift::SourceLoc, bool) + 1916
89 swift                    resolveIdentTypeComponent(swift::TypeChecker&, swift::DeclContext*, llvm::ArrayRef<swift::ComponentIdentTypeRepr*>, swift::OptionSet<swift::TypeResolutionFlags, unsigned int>, bool, swift::GenericTypeResolver*) + 549
90 swift                    swift::TypeChecker::resolveIdentifierType(swift::DeclContext*, swift::IdentTypeRepr*, swift::OptionSet<swift::TypeResolutionFlags, unsigned int>, bool, swift::GenericTypeResolver*, swift::ValueDecl*) + 116
91 swift                    (anonymous namespace)::TypeResolver::resolveType(swift::TypeRepr*, swift::OptionSet<swift::TypeResolutionFlags, unsigned int>) + 241
92 swift                    swift::TypeChecker::validateType(swift::TypeLoc&, swift::DeclContext*, swift::OptionSet<swift::TypeResolutionFlags, unsigned int>, swift::GenericTypeResolver*, swift::ValueDecl*) + 221
93 swift                    swift::TypeChecker::checkInheritanceClause(swift::Decl*, swift::DeclContext*, swift::GenericTypeResolver*) + 2907
94 swift                    checkGenericParameters(swift::TypeChecker&, swift::ArchetypeBuilder*, swift::GenericParamList*, swift::DeclContext*, swift::GenericTypeResolver&) + 212
95 swift                    checkGenericFuncSignature(swift::TypeChecker&, swift::ArchetypeBuilder*, swift::AbstractFunctionDecl*, swift::GenericTypeResolver&) + 51
96 swift                    swift::TypeChecker::validateGenericFuncSignature(swift::AbstractFunctionDecl*) + 86
97 swift                    swift::ASTVisitor<(anonymous namespace)::DeclChecker, void, void, void, void, void, void>::visit(swift::Decl*) + 18959
98 swift                    swift::TypeChecker::validateDecl(swift::ValueDecl*, bool) + 1219
99 swift                    checkRedeclaration(swift::TypeChecker&, swift::ValueDecl*) + 532
100 swift                    swift::ASTVisitor<(anonymous namespace)::DeclChecker, void, void, void, void, void, void>::visit(swift::Decl*) + 9258
101 swift                    swift::TypeChecker::typeCheckDecl(swift::Decl*, bool) + 112
102 swift                    swift::ASTVisitor<(anonymous namespace)::StmtChecker, void, swift::Stmt*, void, void, void, void>::visit(swift::Stmt*) + 473
103 swift                    swift::TypeChecker::typeCheckFunctionBodyUntil(swift::FuncDecl*, swift::SourceLoc) + 371
104 swift                    swift::TypeChecker::typeCheckAbstractFunctionBody(swift::AbstractFunctionDecl*) + 95
105 swift                    typeCheckFunctionsAndExternalDecls(swift::TypeChecker&) + 421
106 swift                    swift::performTypeChecking(swift::SourceFile&, swift::TopLevelContext&, unsigned int) + 1734
107 swift                    swift::CompilerInstance::performSema() + 2060
108 swift                    frontend_main(llvm::ArrayRef<char const*>, char const*, void*) + 2008
109 swift                    main + 1677
110 libdyld.dylib            start + 1
111 libdyld.dylib            start + [N]
