0  swift                    llvm::sys::PrintStackTrace(__sFILE*) + 40
1  swift                    SignalHandler(int) + 452
2  libsystem_platform.dylib _sigtramp + 26
4  swift                    resolveTypeDecl(swift::TypeChecker&, swift::TypeDecl*, swift::SourceLoc, swift::DeclContext*, llvm::ArrayRef<swift::TypeRepr*>, bool, swift::GenericTypeResolver*) + 100
5  swift                    resolveIdentTypeComponent(swift::TypeChecker&, swift::DeclContext*, llvm::ArrayRef<swift::ComponentIdentTypeRepr*>, swift::OptionSet<swift::TypeResolutionFlags, unsigned int>, bool, swift::GenericTypeResolver*) + 2460
6  swift                    swift::TypeChecker::resolveIdentifierType(swift::DeclContext*, swift::IdentTypeRepr*, swift::OptionSet<swift::TypeResolutionFlags, unsigned int>, bool, swift::GenericTypeResolver*, swift::ValueDecl*) + 116
7  swift                    (anonymous namespace)::TypeResolver::resolveType(swift::TypeRepr*, swift::OptionSet<swift::TypeResolutionFlags, unsigned int>) + 241
8  swift                    (anonymous namespace)::TypeResolver::resolveASTFunctionType(swift::FunctionTypeRepr*, swift::OptionSet<swift::TypeResolutionFlags, unsigned int>, swift::AnyFunctionType::ExtInfo) + 80
9  swift                    (anonymous namespace)::TypeResolver::resolveType(swift::TypeRepr*, swift::OptionSet<swift::TypeResolutionFlags, unsigned int>) + 2539
10 swift                    (anonymous namespace)::TypeResolver::resolveType(swift::TypeRepr*, swift::OptionSet<swift::TypeResolutionFlags, unsigned int>) + 1212
11 swift                    (anonymous namespace)::TypeResolver::resolveASTFunctionType(swift::FunctionTypeRepr*, swift::OptionSet<swift::TypeResolutionFlags, unsigned int>, swift::AnyFunctionType::ExtInfo) + 39
12 swift                    (anonymous namespace)::TypeResolver::resolveType(swift::TypeRepr*, swift::OptionSet<swift::TypeResolutionFlags, unsigned int>) + 2539
13 swift                    swift::TypeChecker::validateType(swift::TypeLoc&, swift::DeclContext*, swift::OptionSet<swift::TypeResolutionFlags, unsigned int>, swift::GenericTypeResolver*, swift::ValueDecl*) + 221
14 swift                    swift::ASTVisitor<(anonymous namespace)::DeclChecker, void, void, void, void, void, void>::visit(swift::Decl*) + 19368
15 swift                    swift::TypeChecker::validateDecl(swift::ValueDecl*, bool) + 1219
16 swift                    checkRedeclaration(swift::TypeChecker&, swift::ValueDecl*) + 532
17 swift                    swift::TypeChecker::validateDecl(swift::ValueDecl*, bool) + 1245
18 swift                    checkRedeclaration(swift::TypeChecker&, swift::ValueDecl*) + 532
19 swift                    swift::TypeChecker::validateDecl(swift::ValueDecl*, bool) + 1245
20 swift                    checkRedeclaration(swift::TypeChecker&, swift::ValueDecl*) + 532
21 swift                    swift::ASTVisitor<(anonymous namespace)::DeclChecker, void, void, void, void, void, void>::visit(swift::Decl*) + 9258
22 swift                    swift::TypeChecker::typeCheckDecl(swift::Decl*, bool) + 112
23 swift                    swift::ASTVisitor<(anonymous namespace)::StmtChecker, void, swift::Stmt*, void, void, void, void>::visit(swift::Stmt*) + 473
24 swift                    swift::TypeChecker::typeCheckFunctionBodyUntil(swift::FuncDecl*, swift::SourceLoc) + 371
25 swift                    swift::TypeChecker::typeCheckAbstractFunctionBody(swift::AbstractFunctionDecl*) + 95
26 swift                    typeCheckFunctionsAndExternalDecls(swift::TypeChecker&) + 421
27 swift                    swift::performTypeChecking(swift::SourceFile&, swift::TopLevelContext&, unsigned int) + 1734
28 swift                    swift::CompilerInstance::performSema() + 2060
29 swift                    frontend_main(llvm::ArrayRef<char const*>, char const*, void*) + 2008
30 swift                    main + 1677
31 libdyld.dylib            start + 1
