0  swift                    llvm::sys::PrintStackTrace(__sFILE*) + 40
1  swift                    SignalHandler(int) + 452
2  libsystem_platform.dylib _sigtramp + 26
3  swift                    swift::BoundGenericType::get(swift::NominalTypeDecl*, swift::Type, llvm::ArrayRef<swift::Type>) + 877
4  swift                    swift::TypeBase::getCanonicalType() + 1403
5  swift                    swift::TypeBase::getCanonicalType() + 775
6  swift                    swift::removeShadowedDecls(llvm::SmallVectorImpl<swift::ValueDecl*>&, swift::Module const*, swift::LazyResolver*) + 414
7  swift                    swift::DeclContext::lookupQualified(swift::Type, swift::DeclName, unsigned int, swift::LazyResolver*, llvm::SmallVectorImpl<swift::ValueDecl*>&) const + 5619
8  swift                    swift::TypeChecker::lookupMemberType(swift::Type, swift::Identifier, swift::DeclContext*) + 194
9  swift                    (anonymous namespace)::ConformanceChecker::resolveTypeWitnessViaLookup(swift::AssociatedTypeDecl*) + 174
10 swift                    swift::TypeChecker::conformsToProtocol(swift::Type, swift::ProtocolDecl*, swift::DeclContext*, swift::ProtocolConformance**, swift::SourceLoc, swift::Decl*) + 3426
11 swift                    swift::TypeChecker::resolveConformance(swift::NominalTypeDecl*, swift::ProtocolDecl*, swift::ExtensionDecl*) + 110
12 swift                    swift::Module::lookupConformance(swift::Type, swift::ProtocolDecl*, swift::LazyResolver*) + 2305
13 swift                    swift::TypeChecker::conformsToProtocol(swift::Type, swift::ProtocolDecl*, swift::DeclContext*, swift::ProtocolConformance**, swift::SourceLoc, swift::Decl*) + 1297
14 swift                    swift::TypeChecker::checkSubstitutions(llvm::DenseMap<swift::TypeBase*, swift::Type, llvm::DenseMapInfo<swift::TypeBase*> >&, llvm::DenseMap<swift::SubstitutableType*, llvm::SmallVector<swift::ProtocolConformance*, 2u>, llvm::DenseMapInfo<swift::SubstitutableType*> >&, swift::DeclContext*, swift::SourceLoc, llvm::DenseMap<swift::TypeBase*, swift::Type, llvm::DenseMapInfo<swift::TypeBase*> >*) + 1002
15 swift                    swift::TypeChecker::applyGenericArguments(swift::Type, swift::SourceLoc, swift::DeclContext*, llvm::MutableArrayRef<swift::TypeLoc>, swift::GenericTypeResolver*) + 750
16 swift                    applyGenericTypeReprArgs(swift::TypeChecker&, swift::Type, swift::SourceLoc, swift::DeclContext*, llvm::ArrayRef<swift::TypeRepr*>, swift::GenericTypeResolver*) + 266
17 swift                    resolveTypeDecl(swift::TypeChecker&, swift::TypeDecl*, swift::SourceLoc, swift::DeclContext*, llvm::ArrayRef<swift::TypeRepr*>, bool, swift::GenericTypeResolver*) + 305
18 swift                    resolveIdentTypeComponent(swift::TypeChecker&, swift::DeclContext*, llvm::ArrayRef<swift::ComponentIdentTypeRepr*>, swift::OptionSet<swift::TypeResolutionFlags, unsigned int>, bool, swift::GenericTypeResolver*) + 895
19 swift                    swift::TypeChecker::resolveIdentifierType(swift::DeclContext*, swift::IdentTypeRepr*, swift::OptionSet<swift::TypeResolutionFlags, unsigned int>, bool, swift::GenericTypeResolver*, swift::ValueDecl*) + 116
20 swift                    (anonymous namespace)::TypeResolver::resolveType(swift::TypeRepr*, swift::OptionSet<swift::TypeResolutionFlags, unsigned int>) + 241
21 swift                    swift::TypeChecker::validateType(swift::TypeLoc&, swift::DeclContext*, swift::OptionSet<swift::TypeResolutionFlags, unsigned int>, swift::GenericTypeResolver*, swift::ValueDecl*) + 221
22 swift                    swift::ASTVisitor<(anonymous namespace)::DeclChecker, void, void, void, void, void, void>::visit(swift::Decl*) + 4014
23 swift                    swift::ASTVisitor<(anonymous namespace)::DeclChecker, void, void, void, void, void, void>::visit(swift::Decl*) + 2180
24 swift                    swift::ASTVisitor<(anonymous namespace)::DeclChecker, void, void, void, void, void, void>::visit(swift::Decl*) + 9229
25 swift                    swift::TypeChecker::typeCheckDecl(swift::Decl*, bool) + 112
26 swift                    swift::ASTVisitor<(anonymous namespace)::StmtChecker, void, swift::Stmt*, void, void, void, void>::visit(swift::Stmt*) + 473
27 swift                    swift::TypeChecker::typeCheckFunctionBodyUntil(swift::FuncDecl*, swift::SourceLoc) + 371
28 swift                    swift::TypeChecker::typeCheckAbstractFunctionBody(swift::AbstractFunctionDecl*) + 95
29 swift                    typeCheckFunctionsAndExternalDecls(swift::TypeChecker&) + 421
30 swift                    swift::performTypeChecking(swift::SourceFile&, swift::TopLevelContext&, unsigned int) + 1734
31 swift                    swift::CompilerInstance::performSema() + 2060
32 swift                    frontend_main(llvm::ArrayRef<char const*>, char const*, void*) + 2008
33 swift                    main + 1677
34 libdyld.dylib            start + 1
35 libdyld.dylib            start + [N]
