0  swift                    llvm::sys::PrintStackTrace(__sFILE*) + 40
1  swift                    SignalHandler(int) + 452
2  libsystem_platform.dylib _sigtramp + 26
3  swift                    swift::ClangModuleUnit::getImportedModules(llvm::SmallVectorImpl<std::__1::pair<llvm::ArrayRef<std::__1::pair<swift::Identifier, swift::SourceLoc> >, swift::Module*> >&, swift::Module::ImportFilter) const + 211
4  swift                    swift::Type::walk(swift::TypeWalker&) const + 54
5  swift                    swift::ArchetypeBuilder::inferRequirements(swift::TypeLoc) + 52
6  swift                    checkGenericParameters(swift::TypeChecker&, swift::ArchetypeBuilder*, swift::GenericParamList*, swift::DeclContext*, swift::GenericTypeResolver&) + 304
7  swift                    swift::TypeChecker::validateGenericSignature(swift::GenericParamList*, swift::DeclContext*, std::__1::function<bool (swift::ArchetypeBuilder&)>, bool&) + 97
8  swift                    swift::TypeChecker::validateGenericTypeSignature(swift::NominalTypeDecl*) + 48
9  swift                    swift::TypeChecker::validateDecl(swift::ValueDecl*, bool) + 188
10 swift                    swift::DeclContext::lookupQualified(swift::Type, swift::DeclName, unsigned int, swift::LazyResolver*, llvm::SmallVectorImpl<swift::ValueDecl*>&) const + 3200
11 swift                    swift::UnqualifiedLookup::UnqualifiedLookup(swift::DeclName, swift::DeclContext*, swift::LazyResolver*, swift::SourceLoc, bool) + 1916
12 swift                    resolveIdentTypeComponent(swift::TypeChecker&, swift::DeclContext*, llvm::ArrayRef<swift::ComponentIdentTypeRepr*>, swift::OptionSet<swift::TypeResolutionFlags, unsigned int>, bool, swift::GenericTypeResolver*) + 549
13 swift                    swift::TypeChecker::resolveIdentifierType(swift::DeclContext*, swift::IdentTypeRepr*, swift::OptionSet<swift::TypeResolutionFlags, unsigned int>, bool, swift::GenericTypeResolver*, swift::ValueDecl*) + 116
14 swift                    (anonymous namespace)::TypeResolver::resolveType(swift::TypeRepr*, swift::OptionSet<swift::TypeResolutionFlags, unsigned int>) + 241
15 swift                    swift::TypeChecker::validateType(swift::TypeLoc&, swift::DeclContext*, swift::OptionSet<swift::TypeResolutionFlags, unsigned int>, swift::GenericTypeResolver*, swift::ValueDecl*) + 221
16 swift                    swift::TypeChecker::checkInheritanceClause(swift::Decl*, swift::DeclContext*, swift::GenericTypeResolver*) + 2907
17 swift                    std::__1::__function::__func<swift::TypeChecker::createArchetypeBuilder(swift::Module*)::$_0, std::__1::allocator<swift::TypeChecker::createArchetypeBuilder(swift::Module*)::$_0>, llvm::ArrayRef<swift::ProtocolDecl*> (swift::ProtocolDecl*)>::operator()(swift::ProtocolDecl*&&) + 25
18 swift                    swift::ArchetypeBuilder::addConformanceRequirement(swift::ArchetypeBuilder::PotentialArchetype*, swift::ProtocolDecl*) + 205
19 swift                    swift::ArchetypeBuilder::addGenericParameter(swift::GenericTypeParamDecl*, swift::Optional<unsigned int>) + 222
20 swift                    checkGenericParameters(swift::TypeChecker&, swift::ArchetypeBuilder*, swift::GenericParamList*, swift::DeclContext*, swift::GenericTypeResolver&) + 238
21 swift                    swift::TypeChecker::validateGenericSignature(swift::GenericParamList*, swift::DeclContext*, std::__1::function<bool (swift::ArchetypeBuilder&)>, bool&) + 97
22 swift                    swift::TypeChecker::validateGenericTypeSignature(swift::NominalTypeDecl*) + 48
23 swift                    swift::TypeChecker::validateDecl(swift::ValueDecl*, bool) + 958
24 swift                    swift::DeclContext::lookupQualified(swift::Type, swift::DeclName, unsigned int, swift::LazyResolver*, llvm::SmallVectorImpl<swift::ValueDecl*>&) const + 3200
25 swift                    swift::UnqualifiedLookup::UnqualifiedLookup(swift::DeclName, swift::DeclContext*, swift::LazyResolver*, swift::SourceLoc, bool) + 1916
26 swift                    resolveIdentTypeComponent(swift::TypeChecker&, swift::DeclContext*, llvm::ArrayRef<swift::ComponentIdentTypeRepr*>, swift::OptionSet<swift::TypeResolutionFlags, unsigned int>, bool, swift::GenericTypeResolver*) + 549
27 swift                    swift::TypeChecker::resolveIdentifierType(swift::DeclContext*, swift::IdentTypeRepr*, swift::OptionSet<swift::TypeResolutionFlags, unsigned int>, bool, swift::GenericTypeResolver*, swift::ValueDecl*) + 116
28 swift                    (anonymous namespace)::TypeResolver::resolveType(swift::TypeRepr*, swift::OptionSet<swift::TypeResolutionFlags, unsigned int>) + 241
29 swift                    swift::TypeChecker::validateType(swift::TypeLoc&, swift::DeclContext*, swift::OptionSet<swift::TypeResolutionFlags, unsigned int>, swift::GenericTypeResolver*, swift::ValueDecl*) + 221
30 swift                    swift::TypeChecker::checkInheritanceClause(swift::Decl*, swift::DeclContext*, swift::GenericTypeResolver*) + 2907
31 swift                    checkGenericParameters(swift::TypeChecker&, swift::ArchetypeBuilder*, swift::GenericParamList*, swift::DeclContext*, swift::GenericTypeResolver&) + 212
32 swift                    swift::TypeChecker::validateGenericSignature(swift::GenericParamList*, swift::DeclContext*, std::__1::function<bool (swift::ArchetypeBuilder&)>, bool&) + 97
33 swift                    swift::TypeChecker::validateGenericTypeSignature(swift::NominalTypeDecl*) + 48
34 swift                    swift::TypeChecker::validateDecl(swift::ValueDecl*, bool) + 188
35 swift                    swift::DeclContext::lookupQualified(swift::Type, swift::DeclName, unsigned int, swift::LazyResolver*, llvm::SmallVectorImpl<swift::ValueDecl*>&) const + 3200
36 swift                    swift::UnqualifiedLookup::UnqualifiedLookup(swift::DeclName, swift::DeclContext*, swift::LazyResolver*, swift::SourceLoc, bool) + 1916
37 swift                    resolveIdentTypeComponent(swift::TypeChecker&, swift::DeclContext*, llvm::ArrayRef<swift::ComponentIdentTypeRepr*>, swift::OptionSet<swift::TypeResolutionFlags, unsigned int>, bool, swift::GenericTypeResolver*) + 549
38 swift                    swift::TypeChecker::resolveIdentifierType(swift::DeclContext*, swift::IdentTypeRepr*, swift::OptionSet<swift::TypeResolutionFlags, unsigned int>, bool, swift::GenericTypeResolver*, swift::ValueDecl*) + 116
39 swift                    (anonymous namespace)::TypeResolver::resolveType(swift::TypeRepr*, swift::OptionSet<swift::TypeResolutionFlags, unsigned int>) + 241
40 swift                    swift::TypeChecker::validateType(swift::TypeLoc&, swift::DeclContext*, swift::OptionSet<swift::TypeResolutionFlags, unsigned int>, swift::GenericTypeResolver*, swift::ValueDecl*) + 221
41 swift                    swift::TypeChecker::checkInheritanceClause(swift::Decl*, swift::DeclContext*, swift::GenericTypeResolver*) + 2907
42 swift                    checkGenericParameters(swift::TypeChecker&, swift::ArchetypeBuilder*, swift::GenericParamList*, swift::DeclContext*, swift::GenericTypeResolver&) + 212
43 swift                    swift::TypeChecker::validateGenericSignature(swift::GenericParamList*, swift::DeclContext*, std::__1::function<bool (swift::ArchetypeBuilder&)>, bool&) + 97
44 swift                    swift::TypeChecker::validateGenericTypeSignature(swift::NominalTypeDecl*) + 48
45 swift                    swift::TypeChecker::validateDecl(swift::ValueDecl*, bool) + 188
46 swift                    swift::DeclContext::lookupQualified(swift::Type, swift::DeclName, unsigned int, swift::LazyResolver*, llvm::SmallVectorImpl<swift::ValueDecl*>&) const + 3200
47 swift                    swift::UnqualifiedLookup::UnqualifiedLookup(swift::DeclName, swift::DeclContext*, swift::LazyResolver*, swift::SourceLoc, bool) + 1916
48 swift                    resolveIdentTypeComponent(swift::TypeChecker&, swift::DeclContext*, llvm::ArrayRef<swift::ComponentIdentTypeRepr*>, swift::OptionSet<swift::TypeResolutionFlags, unsigned int>, bool, swift::GenericTypeResolver*) + 549
49 swift                    swift::TypeChecker::resolveIdentifierType(swift::DeclContext*, swift::IdentTypeRepr*, swift::OptionSet<swift::TypeResolutionFlags, unsigned int>, bool, swift::GenericTypeResolver*, swift::ValueDecl*) + 116
50 swift                    (anonymous namespace)::TypeResolver::resolveType(swift::TypeRepr*, swift::OptionSet<swift::TypeResolutionFlags, unsigned int>) + 241
51 swift                    swift::TypeChecker::validateType(swift::TypeLoc&, swift::DeclContext*, swift::OptionSet<swift::TypeResolutionFlags, unsigned int>, swift::GenericTypeResolver*, swift::ValueDecl*) + 221
52 swift                    swift::TypeChecker::checkInheritanceClause(swift::Decl*, swift::DeclContext*, swift::GenericTypeResolver*) + 2907
53 swift                    std::__1::__function::__func<swift::TypeChecker::createArchetypeBuilder(swift::Module*)::$_0, std::__1::allocator<swift::TypeChecker::createArchetypeBuilder(swift::Module*)::$_0>, llvm::ArrayRef<swift::ProtocolDecl*> (swift::ProtocolDecl*)>::operator()(swift::ProtocolDecl*&&) + 25
54 swift                    swift::ArchetypeBuilder::addConformanceRequirement(swift::ArchetypeBuilder::PotentialArchetype*, swift::ProtocolDecl*) + 205
55 swift                    swift::ArchetypeBuilder::addGenericParameter(swift::GenericTypeParamDecl*, swift::Optional<unsigned int>) + 222
56 swift                    checkGenericParameters(swift::TypeChecker&, swift::ArchetypeBuilder*, swift::GenericParamList*, swift::DeclContext*, swift::GenericTypeResolver&) + 238
57 swift                    swift::TypeChecker::validateGenericSignature(swift::GenericParamList*, swift::DeclContext*, std::__1::function<bool (swift::ArchetypeBuilder&)>, bool&) + 97
58 swift                    swift::TypeChecker::validateGenericTypeSignature(swift::NominalTypeDecl*) + 48
59 swift                    swift::TypeChecker::validateDecl(swift::ValueDecl*, bool) + 958
60 swift                    swift::DeclContext::lookupQualified(swift::Type, swift::DeclName, unsigned int, swift::LazyResolver*, llvm::SmallVectorImpl<swift::ValueDecl*>&) const + 3200
61 swift                    swift::UnqualifiedLookup::UnqualifiedLookup(swift::DeclName, swift::DeclContext*, swift::LazyResolver*, swift::SourceLoc, bool) + 1916
62 swift                    resolveIdentTypeComponent(swift::TypeChecker&, swift::DeclContext*, llvm::ArrayRef<swift::ComponentIdentTypeRepr*>, swift::OptionSet<swift::TypeResolutionFlags, unsigned int>, bool, swift::GenericTypeResolver*) + 549
63 swift                    swift::TypeChecker::resolveIdentifierType(swift::DeclContext*, swift::IdentTypeRepr*, swift::OptionSet<swift::TypeResolutionFlags, unsigned int>, bool, swift::GenericTypeResolver*, swift::ValueDecl*) + 116
64 swift                    (anonymous namespace)::TypeResolver::resolveType(swift::TypeRepr*, swift::OptionSet<swift::TypeResolutionFlags, unsigned int>) + 241
65 swift                    swift::TypeChecker::validateType(swift::TypeLoc&, swift::DeclContext*, swift::OptionSet<swift::TypeResolutionFlags, unsigned int>, swift::GenericTypeResolver*, swift::ValueDecl*) + 221
66 swift                    swift::TypeChecker::checkInheritanceClause(swift::Decl*, swift::DeclContext*, swift::GenericTypeResolver*) + 2907
67 swift                    checkGenericParameters(swift::TypeChecker&, swift::ArchetypeBuilder*, swift::GenericParamList*, swift::DeclContext*, swift::GenericTypeResolver&) + 212
68 swift                    checkGenericFuncSignature(swift::TypeChecker&, swift::ArchetypeBuilder*, swift::AbstractFunctionDecl*, swift::GenericTypeResolver&) + 51
69 swift                    swift::TypeChecker::validateGenericFuncSignature(swift::AbstractFunctionDecl*) + 86
70 swift                    swift::ASTVisitor<(anonymous namespace)::DeclChecker, void, void, void, void, void, void>::visit(swift::Decl*) + 18959
71 swift                    swift::TypeChecker::validateDecl(swift::ValueDecl*, bool) + 1219
72 swift                    checkRedeclaration(swift::TypeChecker&, swift::ValueDecl*) + 532
73 swift                    swift::ASTVisitor<(anonymous namespace)::DeclChecker, void, void, void, void, void, void>::visit(swift::Decl*) + 9258
74 swift                    swift::TypeChecker::typeCheckDecl(swift::Decl*, bool) + 112
75 swift                    swift::ASTVisitor<(anonymous namespace)::StmtChecker, void, swift::Stmt*, void, void, void, void>::visit(swift::Stmt*) + 473
76 swift                    swift::TypeChecker::typeCheckFunctionBodyUntil(swift::FuncDecl*, swift::SourceLoc) + 371
77 swift                    swift::TypeChecker::typeCheckAbstractFunctionBody(swift::AbstractFunctionDecl*) + 95
78 swift                    typeCheckFunctionsAndExternalDecls(swift::TypeChecker&) + 421
79 swift                    swift::performTypeChecking(swift::SourceFile&, swift::TopLevelContext&, unsigned int) + 1734
80 swift                    swift::CompilerInstance::performSema() + 2060
81 swift                    frontend_main(llvm::ArrayRef<char const*>, char const*, void*) + 2008
82 swift                    main + 1677
83 libdyld.dylib            start + 1
