0  swift                    llvm::sys::PrintStackTrace(__sFILE*) + 40
1  swift                    SignalHandler(int) + 452
2  libsystem_platform.dylib _sigtramp + 26
3  swift                    swift::DependentMemberType::get(swift::Type, swift::AssociatedTypeDecl*, swift::ASTContext const&) + 211
4  swift                    swift::Type::walk(swift::TypeWalker&) const + 54
5  swift                    swift::ArchetypeBuilder::inferRequirements(swift::TypeLoc) + 52
6  swift                    checkGenericParameters(swift::TypeChecker&, swift::ArchetypeBuilder*, swift::GenericParamList*, swift::DeclContext*, swift::GenericTypeResolver&) + 304
7  swift                    swift::TypeChecker::validateGenericSignature(swift::GenericParamList*, swift::DeclContext*, std::__1::function<bool (swift::ArchetypeBuilder&)>, bool&) + 97
8  swift                    swift::TypeChecker::validateGenericTypeSignature(swift::NominalTypeDecl*) + 48
9  swift                    swift::TypeChecker::validateDecl(swift::ValueDecl*, bool) + 188
10 swift                    swift::DeclContext::lookupQualified(swift::Type, swift::DeclName, unsigned int, swift::LazyResolver*, llvm::SmallVectorImpl<swift::ValueDecl*>&) const + 3200
11 swift                    swift::UnqualifiedLookup::UnqualifiedLookup(swift::DeclName, swift::DeclContext*, swift::LazyResolver*, swift::SourceLoc, bool) + 1916
12 swift                    resolveIdentTypeComponent(swift::TypeChecker&, swift::DeclContext*, llvm::ArrayRef<swift::ComponentIdentTypeRepr*>, swift::OptionSet<swift::TypeResolutionFlags, unsigned int>, bool, swift::GenericTypeResolver*) + 549
13 swift                    swift::TypeChecker::resolveIdentifierType(swift::DeclContext*, swift::IdentTypeRepr*, swift::OptionSet<swift::TypeResolutionFlags, unsigned int>, bool, swift::GenericTypeResolver*, swift::ValueDecl*) + 116
14 swift                    (anonymous namespace)::TypeResolver::resolveType(swift::TypeRepr*, swift::OptionSet<swift::TypeResolutionFlags, unsigned int>) + 241
15 swift                    swift::TypeChecker::validateType(swift::TypeLoc&, swift::DeclContext*, swift::OptionSet<swift::TypeResolutionFlags, unsigned int>, swift::GenericTypeResolver*, swift::ValueDecl*) + 221
16 swift                    swift::TypeChecker::checkInheritanceClause(swift::Decl*, swift::DeclContext*, swift::GenericTypeResolver*) + 2907
17 swift                    checkGenericParameters(swift::TypeChecker&, swift::ArchetypeBuilder*, swift::GenericParamList*, swift::DeclContext*, swift::GenericTypeResolver&) + 212
18 swift                    swift::TypeChecker::validateGenericSignature(swift::GenericParamList*, swift::DeclContext*, std::__1::function<bool (swift::ArchetypeBuilder&)>, bool&) + 97
19 swift                    swift::TypeChecker::validateGenericTypeSignature(swift::NominalTypeDecl*) + 48
20 swift                    swift::TypeChecker::validateDecl(swift::ValueDecl*, bool) + 188
21 swift                    swift::DeclContext::lookupQualified(swift::Type, swift::DeclName, unsigned int, swift::LazyResolver*, llvm::SmallVectorImpl<swift::ValueDecl*>&) const + 3200
22 swift                    swift::UnqualifiedLookup::UnqualifiedLookup(swift::DeclName, swift::DeclContext*, swift::LazyResolver*, swift::SourceLoc, bool) + 1916
23 swift                    resolveIdentTypeComponent(swift::TypeChecker&, swift::DeclContext*, llvm::ArrayRef<swift::ComponentIdentTypeRepr*>, swift::OptionSet<swift::TypeResolutionFlags, unsigned int>, bool, swift::GenericTypeResolver*) + 549
24 swift                    swift::TypeChecker::resolveIdentifierType(swift::DeclContext*, swift::IdentTypeRepr*, swift::OptionSet<swift::TypeResolutionFlags, unsigned int>, bool, swift::GenericTypeResolver*, swift::ValueDecl*) + 116
25 swift                    (anonymous namespace)::TypeResolver::resolveType(swift::TypeRepr*, swift::OptionSet<swift::TypeResolutionFlags, unsigned int>) + 241
26 swift                    (anonymous namespace)::TypeResolver::resolveType(swift::TypeRepr*, swift::OptionSet<swift::TypeResolutionFlags, unsigned int>) + 325
27 swift                    swift::TypeChecker::validateType(swift::TypeLoc&, swift::DeclContext*, swift::OptionSet<swift::TypeResolutionFlags, unsigned int>, swift::GenericTypeResolver*, swift::ValueDecl*) + 221
28 swift                    checkGenericFuncSignature(swift::TypeChecker&, swift::ArchetypeBuilder*, swift::AbstractFunctionDecl*, swift::GenericTypeResolver&) + 365
29 swift                    swift::TypeChecker::validateGenericFuncSignature(swift::AbstractFunctionDecl*) + 86
30 swift                    swift::ASTVisitor<(anonymous namespace)::DeclChecker, void, void, void, void, void, void>::visit(swift::Decl*) + 18959
31 swift                    swift::TypeChecker::validateDecl(swift::ValueDecl*, bool) + 1219
32 swift                    swift::DeclContext::lookupQualified(swift::Type, swift::DeclName, unsigned int, swift::LazyResolver*, llvm::SmallVectorImpl<swift::ValueDecl*>&) const + 3200
33 swift                    swift::UnqualifiedLookup::UnqualifiedLookup(swift::DeclName, swift::DeclContext*, swift::LazyResolver*, swift::SourceLoc, bool) + 1916
34 swift                    resolveIdentTypeComponent(swift::TypeChecker&, swift::DeclContext*, llvm::ArrayRef<swift::ComponentIdentTypeRepr*>, swift::OptionSet<swift::TypeResolutionFlags, unsigned int>, bool, swift::GenericTypeResolver*) + 549
35 swift                    swift::TypeChecker::resolveIdentifierType(swift::DeclContext*, swift::IdentTypeRepr*, swift::OptionSet<swift::TypeResolutionFlags, unsigned int>, bool, swift::GenericTypeResolver*, swift::ValueDecl*) + 116
36 swift                    (anonymous namespace)::TypeResolver::resolveType(swift::TypeRepr*, swift::OptionSet<swift::TypeResolutionFlags, unsigned int>) + 241
37 swift                    swift::TypeChecker::validateType(swift::TypeLoc&, swift::DeclContext*, swift::OptionSet<swift::TypeResolutionFlags, unsigned int>, swift::GenericTypeResolver*, swift::ValueDecl*) + 221
38 swift                    swift::TypeChecker::checkInheritanceClause(swift::Decl*, swift::DeclContext*, swift::GenericTypeResolver*) + 2907
39 swift                    std::__1::__function::__func<swift::TypeChecker::createArchetypeBuilder(swift::Module*)::$_0, std::__1::allocator<swift::TypeChecker::createArchetypeBuilder(swift::Module*)::$_0>, llvm::ArrayRef<swift::ProtocolDecl*> (swift::ProtocolDecl*)>::operator()(swift::ProtocolDecl*&&) + 25
40 swift                    swift::ArchetypeBuilder::addConformanceRequirement(swift::ArchetypeBuilder::PotentialArchetype*, swift::ProtocolDecl*) + 205
41 swift                    swift::ArchetypeBuilder::addGenericParameter(swift::GenericTypeParamDecl*, swift::Optional<unsigned int>) + 222
42 swift                    checkGenericParameters(swift::TypeChecker&, swift::ArchetypeBuilder*, swift::GenericParamList*, swift::DeclContext*, swift::GenericTypeResolver&) + 238
43 swift                    swift::TypeChecker::validateGenericSignature(swift::GenericParamList*, swift::DeclContext*, std::__1::function<bool (swift::ArchetypeBuilder&)>, bool&) + 97
44 swift                    swift::TypeChecker::validateGenericTypeSignature(swift::NominalTypeDecl*) + 48
45 swift                    swift::TypeChecker::validateDecl(swift::ValueDecl*, bool) + 958
46 swift                    swift::DeclContext::lookupQualified(swift::Type, swift::DeclName, unsigned int, swift::LazyResolver*, llvm::SmallVectorImpl<swift::ValueDecl*>&) const + 3200
47 swift                    swift::UnqualifiedLookup::UnqualifiedLookup(swift::DeclName, swift::DeclContext*, swift::LazyResolver*, swift::SourceLoc, bool) + 1916
48 swift                    resolveIdentTypeComponent(swift::TypeChecker&, swift::DeclContext*, llvm::ArrayRef<swift::ComponentIdentTypeRepr*>, swift::OptionSet<swift::TypeResolutionFlags, unsigned int>, bool, swift::GenericTypeResolver*) + 549
49 swift                    swift::TypeChecker::resolveIdentifierType(swift::DeclContext*, swift::IdentTypeRepr*, swift::OptionSet<swift::TypeResolutionFlags, unsigned int>, bool, swift::GenericTypeResolver*, swift::ValueDecl*) + 116
50 swift                    (anonymous namespace)::TypeResolver::resolveType(swift::TypeRepr*, swift::OptionSet<swift::TypeResolutionFlags, unsigned int>) + 241
51 swift                    swift::TypeChecker::validateType(swift::TypeLoc&, swift::DeclContext*, swift::OptionSet<swift::TypeResolutionFlags, unsigned int>, swift::GenericTypeResolver*, swift::ValueDecl*) + 221
52 swift                    swift::TypeChecker::checkInheritanceClause(swift::Decl*, swift::DeclContext*, swift::GenericTypeResolver*) + 2907
53 swift                    checkGenericParameters(swift::TypeChecker&, swift::ArchetypeBuilder*, swift::GenericParamList*, swift::DeclContext*, swift::GenericTypeResolver&) + 212
54 swift                    swift::TypeChecker::validateGenericSignature(swift::GenericParamList*, swift::DeclContext*, std::__1::function<bool (swift::ArchetypeBuilder&)>, bool&) + 97
55 swift                    swift::TypeChecker::validateGenericTypeSignature(swift::NominalTypeDecl*) + 48
56 swift                    swift::TypeChecker::validateDecl(swift::ValueDecl*, bool) + 188
57 swift                    checkRedeclaration(swift::TypeChecker&, swift::ValueDecl*) + 532
58 swift                    swift::TypeChecker::validateDecl(swift::ValueDecl*, bool) + 1245
59 swift                    swift::DeclContext::lookupQualified(swift::Type, swift::DeclName, unsigned int, swift::LazyResolver*, llvm::SmallVectorImpl<swift::ValueDecl*>&) const + 3200
60 swift                    swift::UnqualifiedLookup::UnqualifiedLookup(swift::DeclName, swift::DeclContext*, swift::LazyResolver*, swift::SourceLoc, bool) + 1916
61 swift                    resolveIdentTypeComponent(swift::TypeChecker&, swift::DeclContext*, llvm::ArrayRef<swift::ComponentIdentTypeRepr*>, swift::OptionSet<swift::TypeResolutionFlags, unsigned int>, bool, swift::GenericTypeResolver*) + 549
62 swift                    swift::TypeChecker::resolveIdentifierType(swift::DeclContext*, swift::IdentTypeRepr*, swift::OptionSet<swift::TypeResolutionFlags, unsigned int>, bool, swift::GenericTypeResolver*, swift::ValueDecl*) + 116
63 swift                    (anonymous namespace)::TypeResolver::resolveType(swift::TypeRepr*, swift::OptionSet<swift::TypeResolutionFlags, unsigned int>) + 241
64 swift                    swift::TypeChecker::validateType(swift::TypeLoc&, swift::DeclContext*, swift::OptionSet<swift::TypeResolutionFlags, unsigned int>, swift::GenericTypeResolver*, swift::ValueDecl*) + 221
65 swift                    swift::TypeChecker::checkInheritanceClause(swift::Decl*, swift::DeclContext*, swift::GenericTypeResolver*) + 2907
66 swift                    checkGenericParameters(swift::TypeChecker&, swift::ArchetypeBuilder*, swift::GenericParamList*, swift::DeclContext*, swift::GenericTypeResolver&) + 212
67 swift                    checkGenericFuncSignature(swift::TypeChecker&, swift::ArchetypeBuilder*, swift::AbstractFunctionDecl*, swift::GenericTypeResolver&) + 51
68 swift                    swift::TypeChecker::validateGenericFuncSignature(swift::AbstractFunctionDecl*) + 86
69 swift                    swift::ASTVisitor<(anonymous namespace)::DeclChecker, void, void, void, void, void, void>::visit(swift::Decl*) + 18959
70 swift                    swift::TypeChecker::validateDecl(swift::ValueDecl*, bool) + 1219
71 swift                    checkRedeclaration(swift::TypeChecker&, swift::ValueDecl*) + 532
72 swift                    swift::ASTVisitor<(anonymous namespace)::DeclChecker, void, void, void, void, void, void>::visit(swift::Decl*) + 9258
73 swift                    swift::TypeChecker::typeCheckDecl(swift::Decl*, bool) + 112
74 swift                    swift::ASTVisitor<(anonymous namespace)::StmtChecker, void, swift::Stmt*, void, void, void, void>::visit(swift::Stmt*) + 473
75 swift                    swift::TypeChecker::typeCheckFunctionBodyUntil(swift::FuncDecl*, swift::SourceLoc) + 371
76 swift                    swift::TypeChecker::typeCheckAbstractFunctionBody(swift::AbstractFunctionDecl*) + 95
77 swift                    typeCheckFunctionsAndExternalDecls(swift::TypeChecker&) + 421
78 swift                    swift::performTypeChecking(swift::SourceFile&, swift::TopLevelContext&, unsigned int) + 1734
79 swift                    swift::CompilerInstance::performSema() + 2060
80 swift                    frontend_main(llvm::ArrayRef<char const*>, char const*, void*) + 2008
81 swift                    main + 1677
82 libdyld.dylib            start + 1
