0  swift                    llvm::sys::PrintStackTrace(__sFILE*) + 40
1  swift                    SignalHandler(int) + 452
2  libsystem_platform.dylib _sigtramp + 26
3  swift                    swift::TypeChecker::callWitness(swift::Expr*, swift::DeclContext*, swift::ProtocolDecl*, swift::ProtocolConformance*, swift::Identifier, llvm::MutableArrayRef<swift::Expr*>, swift::Diag<>) + 1660
4  swift                    swift::TypeBase::getCanonicalType() + 1403
5  swift                    swift::TypeBase::getCanonicalType() + 775
6  swift                    swift::removeShadowedDecls(llvm::SmallVectorImpl<swift::ValueDecl*>&, swift::Module const*, swift::LazyResolver*) + 414
7  swift                    swift::DeclContext::lookupQualified(swift::Type, swift::DeclName, unsigned int, swift::LazyResolver*, llvm::SmallVectorImpl<swift::ValueDecl*>&) const + 5619
8  swift                    swift::UnqualifiedLookup::UnqualifiedLookup(swift::DeclName, swift::DeclContext*, swift::LazyResolver*, swift::SourceLoc, bool) + 1916
9  swift                    resolveIdentTypeComponent(swift::TypeChecker&, swift::DeclContext*, llvm::ArrayRef<swift::ComponentIdentTypeRepr*>, swift::OptionSet<swift::TypeResolutionFlags, unsigned int>, bool, swift::GenericTypeResolver*) + 549
10 swift                    swift::TypeChecker::resolveIdentifierType(swift::DeclContext*, swift::IdentTypeRepr*, swift::OptionSet<swift::TypeResolutionFlags, unsigned int>, bool, swift::GenericTypeResolver*, swift::ValueDecl*) + 116
11 swift                    (anonymous namespace)::TypeResolver::resolveType(swift::TypeRepr*, swift::OptionSet<swift::TypeResolutionFlags, unsigned int>) + 241
12 swift                    swift::TypeChecker::validateType(swift::TypeLoc&, swift::DeclContext*, swift::OptionSet<swift::TypeResolutionFlags, unsigned int>, swift::GenericTypeResolver*, swift::ValueDecl*) + 221
13 swift                    swift::ASTVisitor<(anonymous namespace)::DeclChecker, void, void, void, void, void, void>::visit(swift::Decl*) + 4014
14 swift                    swift::ASTVisitor<(anonymous namespace)::DeclChecker, void, void, void, void, void, void>::visit(swift::Decl*) + 9229
15 swift                    swift::TypeChecker::typeCheckDecl(swift::Decl*, bool) + 112
16 swift                    swift::ASTVisitor<(anonymous namespace)::StmtChecker, void, swift::Stmt*, void, void, void, void>::visit(swift::Stmt*) + 473
17 swift                    swift::TypeChecker::typeCheckFunctionBodyUntil(swift::FuncDecl*, swift::SourceLoc) + 371
18 swift                    swift::TypeChecker::typeCheckAbstractFunctionBody(swift::AbstractFunctionDecl*) + 95
19 swift                    typeCheckFunctionsAndExternalDecls(swift::TypeChecker&) + 421
20 swift                    swift::performTypeChecking(swift::SourceFile&, swift::TopLevelContext&, unsigned int) + 1734
21 swift                    swift::CompilerInstance::performSema() + 2060
22 swift                    frontend_main(llvm::ArrayRef<char const*>, char const*, void*) + 2008
23 swift                    main + 1677
24 libdyld.dylib            start + 1
