0  swift                    0x000000010dcdbeb8 llvm::sys::PrintStackTrace(__sFILE*) + 40
1  swift                    0x000000010dcdc3a4 SignalHandler(int) + 452
2  libsystem_platform.dylib 0x00007fff8d4145aa _sigtramp + 26
3  swift                    0x000000010d0d53ad profileArchetypeConstraints(swift::Type, llvm::FoldingSetNodeID&, llvm::DenseMap<swift::ArchetypeType*, unsigned int, llvm::DenseMapInfo<swift::ArchetypeType*> >&, unsigned int) + 413
4  swift                    0x000000010dbd7717 llvm::StoreInst::StoreInst(llvm::Value*, llvm::Value*, bool, llvm::Instruction*) + 55
5  swift                    0x000000010d0d9342 swift::irgen::IRBuilder::CreateStore(llvm::Value*, llvm::Value*, swift::irgen::Alignment) + 66
6  swift                    0x000000010d09347d emitNominalMetadataRef(swift::irgen::IRGenFunction&, swift::NominalTypeDecl*, swift::CanType) + 1933
7  swift                    0x000000010d080e7a emitDirectTypeMetadataRef(swift::irgen::IRGenFunction&, swift::CanType) + 122
8  swift                    0x000000010d080d08 swift::irgen::IRGenFunction::emitTypeMetadataRef(swift::CanType) + 280
9  swift                    0x000000010d0c6674 swift::irgen::WitnessSizedTypeInfo<(anonymous namespace)::NonFixedStructTypeInfo>::getAlignmentMask(swift::irgen::IRGenFunction&, swift::CanType) const + 20
10 swift                    0x000000010d07ac12 swift::irgen::HeapArrayInfo::getLayout(swift::irgen::IRGenFunction&) const + 226
11 swift                    0x000000010d07afe8 swift::irgen::HeapArrayInfo::getPrivateMetadata(swift::irgen::IRGenModule&) const + 504
12 swift                    0x000000010d07c059 swift::irgen::HeapArrayInfo::emitUnmanagedAlloc(swift::irgen::IRGenFunction&, llvm::Value*, swift::irgen::Address&, llvm::Twine const&) const + 73
13 swift                    0x000000010d0f04dc swift::SILVisitor<(anonymous namespace)::IRGenSILFunction, void>::visit(swift::ValueBase*) + 12156
14 swift                    0x000000010d0ecd5b swift::irgen::IRGenModule::emitSILFunction(swift::SILFunction*) + 9195
15 swift                    0x000000010d066ee4 swift::irgen::IRGenModule::emitGlobalTopLevel() + 196
16 swift                    0x000000010d0d9c1c performIRGeneration(swift::IRGenOptions&, swift::Module*, swift::SILModule*, llvm::StringRef, llvm::LLVMContext&, swift::SourceFile*, unsigned int) + 1900
17 swift                    0x000000010d0da623 swift::performIRGeneration(swift::IRGenOptions&, swift::SourceFile&, swift::SILModule*, llvm::StringRef, llvm::LLVMContext&, unsigned int) + 51
18 swift                    0x000000010d030232 frontend_main(llvm::ArrayRef<char const*>, char const*, void*) + 5282
19 swift                    0x000000010d02d64d main + 1677
20 libdyld.dylib            0x00007fff8bdae5fd start + 1
21 libdyld.dylib            0x0000000000000010 start + 1948588564
