0  swift                    0x000000010115deb8 llvm::sys::PrintStackTrace(__sFILE*) + 40
1  swift                    0x000000010115e3a4 SignalHandler(int) + 452
2  libsystem_platform.dylib 0x00007fff8d4145aa _sigtramp + 26
4  swift                    0x000000010155d5c6 swift::Type::walk(swift::TypeWalker&) const + 54
5  swift                    0x00000001014b6d04 swift::ArchetypeBuilder::inferRequirements(swift::TypeLoc) + 52
6  swift                    0x0000000101444cb0 checkGenericParameters(swift::TypeChecker&, swift::ArchetypeBuilder*, swift::GenericParamList*, swift::DeclContext*, swift::GenericTypeResolver&) + 304
7  swift                    0x0000000101444981 swift::TypeChecker::validateGenericSignature(swift::GenericParamList*, swift::DeclContext*, std::__1::function<bool (swift::ArchetypeBuilder&)>, bool&) + 97
8  swift                    0x0000000101444f80 swift::TypeChecker::validateGenericTypeSignature(swift::NominalTypeDecl*) + 48
9  swift                    0x0000000101420f6c swift::TypeChecker::validateDecl(swift::ValueDecl*, bool) + 188
10 swift                    0x000000010153dbe3 void lookupInModule<llvm::SmallSet<swift::CanType, 4u, (anonymous namespace)::SortCanType>, swift::namelookup::lookupInModule(swift::Module*, llvm::ArrayRef<std::__1::pair<swift::Identifier, swift::SourceLoc> >, swift::DeclName, llvm::SmallVectorImpl<swift::ValueDecl*>&, swift::NLKind, swift::namelookup::ResolutionKind, swift::LazyResolver*, swift::DeclContext const*, llvm::ArrayRef<std::__1::pair<llvm::ArrayRef<std::__1::pair<swift::Identifier, swift::SourceLoc> >, swift::Module*> >)::$_0>(swift::Module*, llvm::ArrayRef<std::__1::pair<swift::Identifier, swift::SourceLoc> >, llvm::SmallVectorImpl<swift::ValueDecl*>&, swift::namelookup::ResolutionKind, bool, swift::LazyResolver*, llvm::SmallDenseMap<std::__1::pair<llvm::ArrayRef<std::__1::pair<swift::Identifier, swift::SourceLoc> >, swift::Module*>, llvm::TinyPtrVector<swift::ValueDecl*>, 32u, llvm::DenseMapInfo<std::__1::pair<llvm::ArrayRef<std::__1::pair<swift::Identifier, swift::SourceLoc> >, swift::Module*> > >&, swift::DeclContext const*, bool, llvm::ArrayRef<std::__1::pair<llvm::ArrayRef<std::__1::pair<swift::Identifier, swift::SourceLoc> >, swift::Module*> >, swift::namelookup::lookupInModule(swift::Module*, llvm::ArrayRef<std::__1::pair<swift::Identifier, swift::SourceLoc> >, swift::DeclName, llvm::SmallVectorImpl<swift::ValueDecl*>&, swift::NLKind, swift::namelookup::ResolutionKind, swift::LazyResolver*, swift::DeclContext const*, llvm::ArrayRef<std::__1::pair<llvm::ArrayRef<std::__1::pair<swift::Identifier, swift::SourceLoc> >, swift::Module*> >)::$_0) + 355
11 swift                    0x000000010153da53 swift::namelookup::lookupInModule(swift::Module*, llvm::ArrayRef<std::__1::pair<swift::Identifier, swift::SourceLoc> >, swift::DeclName, llvm::SmallVectorImpl<swift::ValueDecl*>&, swift::NLKind, swift::namelookup::ResolutionKind, swift::LazyResolver*, swift::DeclContext const*, llvm::ArrayRef<std::__1::pair<llvm::ArrayRef<std::__1::pair<swift::Identifier, swift::SourceLoc> >, swift::Module*> >) + 243
12 swift                    0x00000001015427db swift::UnqualifiedLookup::UnqualifiedLookup(swift::DeclName, swift::DeclContext*, swift::LazyResolver*, swift::SourceLoc, bool) + 3851
13 swift                    0x000000010145ba55 resolveIdentTypeComponent(swift::TypeChecker&, swift::DeclContext*, llvm::ArrayRef<swift::ComponentIdentTypeRepr*>, swift::OptionSet<swift::TypeResolutionFlags, unsigned int>, bool, swift::GenericTypeResolver*) + 549
14 swift                    0x000000010145b564 swift::TypeChecker::resolveIdentifierType(swift::DeclContext*, swift::IdentTypeRepr*, swift::OptionSet<swift::TypeResolutionFlags, unsigned int>, bool, swift::GenericTypeResolver*, swift::ValueDecl*) + 116
15 swift                    0x000000010145c631 (anonymous namespace)::TypeResolver::resolveType(swift::TypeRepr*, swift::OptionSet<swift::TypeResolutionFlags, unsigned int>) + 241
16 swift                    0x000000010145b4bd swift::TypeChecker::validateType(swift::TypeLoc&, swift::DeclContext*, swift::OptionSet<swift::TypeResolutionFlags, unsigned int>, swift::GenericTypeResolver*, swift::ValueDecl*) + 221
17 swift                    0x000000010141f25b swift::TypeChecker::checkInheritanceClause(swift::Decl*, swift::DeclContext*, swift::GenericTypeResolver*) + 2907
18 swift                    0x0000000101444c54 checkGenericParameters(swift::TypeChecker&, swift::ArchetypeBuilder*, swift::GenericParamList*, swift::DeclContext*, swift::GenericTypeResolver&) + 212
19 swift                    0x0000000101444981 swift::TypeChecker::validateGenericSignature(swift::GenericParamList*, swift::DeclContext*, std::__1::function<bool (swift::ArchetypeBuilder&)>, bool&) + 97
20 swift                    0x0000000101444f80 swift::TypeChecker::validateGenericTypeSignature(swift::NominalTypeDecl*) + 48
21 swift                    0x0000000101420f6c swift::TypeChecker::validateDecl(swift::ValueDecl*, bool) + 188
22 swift                    0x000000010142f262 swift::ASTVisitor<(anonymous namespace)::DeclChecker, void, void, void, void, void, void>::visit(swift::Decl*) + 2306
23 swift                    0x0000000101420e70 swift::TypeChecker::typeCheckDecl(swift::Decl*, bool) + 112
24 swift                    0x0000000101407a28 swift::performTypeChecking(swift::SourceFile&, swift::TopLevelContext&, unsigned int) + 1384
25 swift                    0x000000010073f97c swift::CompilerInstance::performSema() + 2060
26 swift                    0x00000001004b1568 frontend_main(llvm::ArrayRef<char const*>, char const*, void*) + 2008
27 swift                    0x00000001004af64d main + 1677
28 libdyld.dylib            0x00007fff8bdae5fd start + 1
