0  swift                    0x0000000108190eb8 llvm::sys::PrintStackTrace(__sFILE*) + 40
1  swift                    0x00000001081913a4 SignalHandler(int) + 452
2  libsystem_platform.dylib 0x00007fff8d4145aa _sigtramp + 26
3  libsystem_platform.dylib 0x00007fff5871bcb0 _sigtramp + 3408951072
4  swift                    0x0000000107535e7a emitDirectTypeMetadataRef(swift::irgen::IRGenFunction&, swift::CanType) + 122
5  swift                    0x000000010753a772 getTypeMetadataAccessFunction(swift::irgen::IRGenModule&, swift::CanType, swift::ForDefinition_t) + 850
6  swift                    0x0000000107535c8e swift::irgen::IRGenFunction::emitTypeMetadataRef(swift::CanType) + 158
7  swift                    0x000000010753635b emitDirectTypeMetadataRef(swift::irgen::IRGenFunction&, swift::CanType) + 1371
8  swift                    0x0000000107535d08 swift::irgen::IRGenFunction::emitTypeMetadataRef(swift::CanType) + 280
9  swift                    0x0000000107581664 swift::irgen::WitnessSizedTypeInfo<(anonymous namespace)::NonFixedTupleTypeInfo>::getAlignmentMask(swift::irgen::IRGenFunction&, swift::CanType) const + 20
10 swift                    0x000000010752fc12 swift::irgen::HeapArrayInfo::getLayout(swift::irgen::IRGenFunction&) const + 226
11 swift                    0x000000010753104d swift::irgen::HeapArrayInfo::emitUnmanagedAlloc(swift::irgen::IRGenFunction&, llvm::Value*, swift::irgen::Address&, llvm::Twine const&) const + 61
12 swift                    0x00000001075a54dc swift::SILVisitor<(anonymous namespace)::IRGenSILFunction, void>::visit(swift::ValueBase*) + 12156
13 swift                    0x00000001075a1d5b swift::irgen::IRGenModule::emitSILFunction(swift::SILFunction*) + 9195
14 swift                    0x000000010751bee4 swift::irgen::IRGenModule::emitGlobalTopLevel() + 196
15 swift                    0x000000010758ec1c performIRGeneration(swift::IRGenOptions&, swift::Module*, swift::SILModule*, llvm::StringRef, llvm::LLVMContext&, swift::SourceFile*, unsigned int) + 1900
16 swift                    0x000000010758f623 swift::performIRGeneration(swift::IRGenOptions&, swift::SourceFile&, swift::SILModule*, llvm::StringRef, llvm::LLVMContext&, unsigned int) + 51
17 swift                    0x00000001074e5232 frontend_main(llvm::ArrayRef<char const*>, char const*, void*) + 5282
18 swift                    0x00000001074e264d main + 1677
19 libdyld.dylib            0x00007fff8bdae5fd start + 1
