0  swift                    0x0000000109bfaeb8 llvm::sys::PrintStackTrace(__sFILE*) + 40
1  swift                    0x0000000109bfb3a4 SignalHandler(int) + 452
2  libsystem_platform.dylib 0x00007fff8d4145aa _sigtramp + 26
3  libsystem_platform.dylib 0xffffffffffffffff _sigtramp + 1925102191
4  swift                    0x0000000109fed1fb swift::TypeBase::getCanonicalType() + 1403
5  swift                    0x0000000109fecf87 swift::TypeBase::getCanonicalType() + 775
6  swift                    0x0000000109fddace swift::removeShadowedDecls(llvm::SmallVectorImpl<swift::ValueDecl*>&, swift::Module const*, swift::LazyResolver*) + 414
7  swift                    0x0000000109fe1263 swift::DeclContext::lookupQualified(swift::Type, swift::DeclName, unsigned int, swift::LazyResolver*, llvm::SmallVectorImpl<swift::ValueDecl*>&) const + 5619
8  swift                    0x0000000109ee4572 swift::TypeChecker::lookupMemberType(swift::Type, swift::Identifier, swift::DeclContext*) + 194
9  swift                    0x0000000109eee8ce (anonymous namespace)::ConformanceChecker::resolveTypeWitnessViaLookup(swift::AssociatedTypeDecl*) + 174
10 swift                    0x0000000109ee9262 swift::TypeChecker::conformsToProtocol(swift::Type, swift::ProtocolDecl*, swift::DeclContext*, swift::ProtocolConformance**, swift::SourceLoc, swift::Decl*) + 3426
11 swift                    0x0000000109ee96ee swift::TypeChecker::resolveConformance(swift::NominalTypeDecl*, swift::ProtocolDecl*, swift::ExtensionDecl*) + 110
12 swift                    0x0000000109fd4021 swift::Module::lookupConformance(swift::Type, swift::ProtocolDecl*, swift::LazyResolver*) + 2305
13 swift                    0x0000000109ee8a11 swift::TypeChecker::conformsToProtocol(swift::Type, swift::ProtocolDecl*, swift::DeclContext*, swift::ProtocolConformance**, swift::SourceLoc, swift::Decl*) + 1297
14 swift                    0x0000000109ee238a swift::TypeChecker::checkSubstitutions(llvm::DenseMap<swift::TypeBase*, swift::Type, llvm::DenseMapInfo<swift::TypeBase*> >&, llvm::DenseMap<swift::SubstitutableType*, llvm::SmallVector<swift::ProtocolConformance*, 2u>, llvm::DenseMapInfo<swift::SubstitutableType*> >&, swift::DeclContext*, swift::SourceLoc, llvm::DenseMap<swift::TypeBase*, swift::Type, llvm::DenseMapInfo<swift::TypeBase*> >*) + 1002
15 swift                    0x0000000109ef81ce swift::TypeChecker::applyGenericArguments(swift::Type, swift::SourceLoc, swift::DeclContext*, llvm::MutableArrayRef<swift::TypeLoc>, swift::GenericTypeResolver*) + 750
16 swift                    0x0000000109efebca applyGenericTypeReprArgs(swift::TypeChecker&, swift::Type, swift::SourceLoc, swift::DeclContext*, llvm::ArrayRef<swift::TypeRepr*>, swift::GenericTypeResolver*) + 266
17 swift                    0x0000000109efe351 resolveTypeDecl(swift::TypeChecker&, swift::TypeDecl*, swift::SourceLoc, swift::DeclContext*, llvm::ArrayRef<swift::TypeRepr*>, bool, swift::GenericTypeResolver*) + 305
18 swift                    0x0000000109ef8baf resolveIdentTypeComponent(swift::TypeChecker&, swift::DeclContext*, llvm::ArrayRef<swift::ComponentIdentTypeRepr*>, swift::OptionSet<swift::TypeResolutionFlags, unsigned int>, bool, swift::GenericTypeResolver*) + 895
19 swift                    0x0000000109ef8564 swift::TypeChecker::resolveIdentifierType(swift::DeclContext*, swift::IdentTypeRepr*, swift::OptionSet<swift::TypeResolutionFlags, unsigned int>, bool, swift::GenericTypeResolver*, swift::ValueDecl*) + 116
20 swift                    0x0000000109ef9631 (anonymous namespace)::TypeResolver::resolveType(swift::TypeRepr*, swift::OptionSet<swift::TypeResolutionFlags, unsigned int>) + 241
21 swift                    0x0000000109ef84bd swift::TypeChecker::validateType(swift::TypeLoc&, swift::DeclContext*, swift::OptionSet<swift::TypeResolutionFlags, unsigned int>, swift::GenericTypeResolver*, swift::ValueDecl*) + 221
22 swift                    0x0000000109ecc90e swift::ASTVisitor<(anonymous namespace)::DeclChecker, void, void, void, void, void, void>::visit(swift::Decl*) + 4014
23 swift                    0x0000000109ecc1e4 swift::ASTVisitor<(anonymous namespace)::DeclChecker, void, void, void, void, void, void>::visit(swift::Decl*) + 2180
24 swift                    0x0000000109ebde70 swift::TypeChecker::typeCheckDecl(swift::Decl*, bool) + 112
25 swift                    0x0000000109ea4a28 swift::performTypeChecking(swift::SourceFile&, swift::TopLevelContext&, unsigned int) + 1384
26 swift                    0x00000001091dc97c swift::CompilerInstance::performSema() + 2060
27 swift                    0x0000000108f4e568 frontend_main(llvm::ArrayRef<char const*>, char const*, void*) + 2008
28 swift                    0x0000000108f4c64d main + 1677
29 libdyld.dylib            0x00007fff8bdae5fd start + 1
30 libdyld.dylib            0x0000000000000010 start + 1948588564
