0  swift                    0x000000011093deb8 llvm::sys::PrintStackTrace(__sFILE*) + 40
1  swift                    0x000000011093e3a4 SignalHandler(int) + 452
2  libsystem_platform.dylib 0x00007fff8d4145aa _sigtramp + 26
3  libsystem_platform.dylib 0x0000000000000008 _sigtramp + 1925102200
4  swift                    0x000000010fd69e16 swift::Lowering::adjustFunctionType(swift::CanTypeWrapper<swift::AnyFunctionType>, swift::AnyFunctionType::ExtInfo) + 118
5  swift                    0x000000010fda3007 swift::Lowering::TypeConverter::getFunctionTypeWithCaptures(swift::CanTypeWrapper<swift::AnyFunctionType>, llvm::ArrayRef<llvm::PointerIntPair<swift::ValueDecl*, 1u, bool, llvm::PointerLikeTypeTraits<swift::ValueDecl*> > >, swift::DeclContext*) + 1063
6  swift                    0x000000010fda38bf swift::Lowering::TypeConverter::makeConstantType(swift::SILDeclRef, bool) + 895
7  swift                    0x000000010fd6a25d swift::Lowering::TypeConverter::getConstantInfo(swift::SILDeclRef) + 189
8  swift                    0x000000010fdb2bc3 swift::Lowering::SILGenModule::getFunction(swift::SILDeclRef, swift::ForDefinition_t) + 195
9  swift                    0x000000010fdb591b swift::SILFunction* swift::Lowering::SILGenModule::preEmitFunction<swift::AbstractClosureExpr>(swift::SILDeclRef, swift::AbstractClosureExpr*, swift::SILLocation) + 91
10 swift                    0x000000010fdb3b77 swift::Lowering::SILGenModule::emitClosure(swift::AbstractClosureExpr*) + 119
11 swift                    0x000000010fddfbaa swift::ASTVisitor<(anonymous namespace)::RValueEmitter, swift::Lowering::RValue, void, void, void, void, void, swift::Lowering::SGFContext>::visit(swift::Expr*, swift::Lowering::SGFContext) + 2650
12 swift                    0x000000010fddf1b9 swift::ASTVisitor<(anonymous namespace)::RValueEmitter, swift::Lowering::RValue, void, void, void, void, void, swift::Lowering::SGFContext>::visit(swift::Expr*, swift::Lowering::SGFContext) + 105
13 swift                    0x000000010fde817d swift::Lowering::SILGenFunction::emitIgnoredExpr(swift::Expr*) + 237
14 swift                    0x000000010fe05859 swift::Lowering::SILGenFunction::visitBraceStmt(swift::BraceStmt*) + 297
15 swift                    0x000000010fe08914 swift::ASTVisitor<swift::Lowering::SILGenFunction, void, void, void, void, void, void>::visit(swift::Stmt*) + 148
16 swift                    0x000000010fdd330c swift::Lowering::SILGenFunction::emitFunction(swift::FuncDecl*) + 252
17 swift                    0x000000010fdb2f96 swift::Lowering::SILGenModule::emitFunction(swift::FuncDecl*) + 230
18 swift                    0x000000010fdb4f1b swift::Lowering::SILGenModule::emitSourceFile(swift::SourceFile*, unsigned int) + 395
19 swift                    0x000000010fdb51da swift::SILModule::constructSIL(swift::Module*, swift::SourceFile*, swift::Optional<unsigned int>) + 314
20 swift                    0x000000010fdb5328 swift::performSILGeneration(swift::SourceFile&, swift::Optional<unsigned int>) + 72
21 swift                    0x000000010fc91b0a frontend_main(llvm::ArrayRef<char const*>, char const*, void*) + 3450
22 swift                    0x000000010fc8f64d main + 1677
23 libdyld.dylib            0x00007fff8bdae5fd start + 1
