0  swift                    0x000000010b123eb8 llvm::sys::PrintStackTrace(__sFILE*) + 40
1  swift                    0x000000010b1243a4 SignalHandler(int) + 452
2  libsystem_platform.dylib 0x00007fff8d4145aa _sigtramp + 26
3  libsystem_platform.dylib 0x0000000000000003 _sigtramp + 1925102195
4  swift                    0x000000010b427284 resolveTypeDecl(swift::TypeChecker&, swift::TypeDecl*, swift::SourceLoc, swift::DeclContext*, llvm::ArrayRef<swift::TypeRepr*>, bool, swift::GenericTypeResolver*) + 100
5  swift                    0x000000010b4221cc resolveIdentTypeComponent(swift::TypeChecker&, swift::DeclContext*, llvm::ArrayRef<swift::ComponentIdentTypeRepr*>, swift::OptionSet<swift::TypeResolutionFlags, unsigned int>, bool, swift::GenericTypeResolver*) + 2460
6  swift                    0x000000010b421564 swift::TypeChecker::resolveIdentifierType(swift::DeclContext*, swift::IdentTypeRepr*, swift::OptionSet<swift::TypeResolutionFlags, unsigned int>, bool, swift::GenericTypeResolver*, swift::ValueDecl*) + 116
7  swift                    0x000000010b422631 (anonymous namespace)::TypeResolver::resolveType(swift::TypeRepr*, swift::OptionSet<swift::TypeResolutionFlags, unsigned int>) + 241
8  swift                    0x000000010b4258e0 (anonymous namespace)::TypeResolver::resolveASTFunctionType(swift::FunctionTypeRepr*, swift::OptionSet<swift::TypeResolutionFlags, unsigned int>, swift::AnyFunctionType::ExtInfo) + 80
9  swift                    0x000000010b422f2b (anonymous namespace)::TypeResolver::resolveType(swift::TypeRepr*, swift::OptionSet<swift::TypeResolutionFlags, unsigned int>) + 2539
10 swift                    0x000000010b4229fc (anonymous namespace)::TypeResolver::resolveType(swift::TypeRepr*, swift::OptionSet<swift::TypeResolutionFlags, unsigned int>) + 1212
11 swift                    0x000000010b4258b7 (anonymous namespace)::TypeResolver::resolveASTFunctionType(swift::FunctionTypeRepr*, swift::OptionSet<swift::TypeResolutionFlags, unsigned int>, swift::AnyFunctionType::ExtInfo) + 39
12 swift                    0x000000010b422f2b (anonymous namespace)::TypeResolver::resolveType(swift::TypeRepr*, swift::OptionSet<swift::TypeResolutionFlags, unsigned int>) + 2539
13 swift                    0x000000010b4214bd swift::TypeChecker::validateType(swift::TypeLoc&, swift::DeclContext*, swift::OptionSet<swift::TypeResolutionFlags, unsigned int>, swift::GenericTypeResolver*, swift::ValueDecl*) + 221
14 swift                    0x000000010b3f9508 swift::ASTVisitor<(anonymous namespace)::DeclChecker, void, void, void, void, void, void>::visit(swift::Decl*) + 19368
15 swift                    0x000000010b3e6e70 swift::TypeChecker::typeCheckDecl(swift::Decl*, bool) + 112
16 swift                    0x000000010b3cda28 swift::performTypeChecking(swift::SourceFile&, swift::TopLevelContext&, unsigned int) + 1384
17 swift                    0x000000010a70597c swift::CompilerInstance::performSema() + 2060
18 swift                    0x000000010a477568 frontend_main(llvm::ArrayRef<char const*>, char const*, void*) + 2008
19 swift                    0x000000010a47564d main + 1677
20 libdyld.dylib            0x00007fff8bdae5fd start + 1
21 libdyld.dylib            0x0000000000000010 start + 1948588564
